<?xml version="1.0" encoding="UTF-8"?>
<!-- Generated by org.testng.reporters.JUnitReportReporter -->
<testsuite hostname="LAPTOP-B8A8UDTS" failures="0" tests="4" name="testLayer.ContactusTest" time="85.000" errors="0" timestamp="2022-12-14T16:17:38 EST" skipped="0">
  <testcase classname="testLayer.ContactusTest" name="Title" time="20.816"/>
  <system-out/>
  <testcase classname="testLayer.ContactusTest" name="contactus" time="21.884"/>
  <system-out/>
  <testcase classname="testLayer.ContactusTest" name="contactus" time="21.020"/>
  <system-out/>
  <testcase classname="testLayer.ContactusTest" name="contactus" time="21.280"/>
  <system-out/>
</testsuite> <!-- testLayer.ContactusTest -->
